
 ✘ abil@d620-laptop  ~/workspace/Sentiment_Analysis  ./classifier2_PD.py
Feature Selection : PD :done 

Naive Bayes Classifier

|===============================================================================================|
|    |   Accuracy |                 Postive              |                Negitive              |
|    |            |  Precision |     Recall |  F-measure |  Precision |     Recall |  F-measure |
|===============================================================================================|
|  0 | 0.87500000 | 0.89473684 | 0.85000000 | 0.87179487 | 0.85714286 | 0.85714286 | 0.87804878 |
|  1 | 0.92000000 | 0.92857143 | 0.91000000 | 0.91919192 | 0.91176471 | 0.91176471 | 0.92079208 |
|  2 | 0.86000000 | 0.93902439 | 0.77000000 | 0.84615385 | 0.80508475 | 0.80508475 | 0.87155963 |
|  3 | 0.94500000 | 0.94949495 | 0.94000000 | 0.94472362 | 0.94059406 | 0.94059406 | 0.94527363 |
|  4 | 0.89000000 | 0.89000000 | 0.89000000 | 0.89000000 | 0.89000000 | 0.89000000 | 0.89000000 |
|  5 | 0.88000000 | 0.89583333 | 0.86000000 | 0.87755102 | 0.86538462 | 0.86538462 | 0.88235294 |
|  6 | 0.90500000 | 0.95505618 | 0.85000000 | 0.89947090 | 0.86486486 | 0.86486486 | 0.90995261 |
|  7 | 0.86500000 | 0.93975904 | 0.78000000 | 0.85245902 | 0.81196581 | 0.81196581 | 0.87557604 |
|  8 | 0.89000000 | 0.93333333 | 0.84000000 | 0.88421053 | 0.85454545 | 0.85454545 | 0.89523810 |
|  9 | 0.86500000 | 0.91954023 | 0.80000000 | 0.85561497 | 0.82300885 | 0.82300885 | 0.87323944 |
|-----------------------------------------------------------------------------------------------|
|avg | 0.88950000 | 0.92453497 | 0.84900000 | 0.88411707 | 0.86243560 | 0.86243560 | 0.89420332 |
|===============================================================================================|


SVM

|===============================================================================================|
|    |   Accuracy |                 Postive              |                Negitive              |
|    |            |  Precision |     Recall |  F-measure |  Precision |     Recall |  F-measure |
|===============================================================================================|
|  0 | 0.85000000 | 0.88043478 | 0.81000000 | 0.84375000 | 0.82407407 | 0.82407407 | 0.85576923 |
|  1 | 0.85000000 | 0.83018868 | 0.88000000 | 0.85436893 | 0.87234043 | 0.87234043 | 0.84536082 |
|  2 | 0.86500000 | 0.91954023 | 0.80000000 | 0.85561497 | 0.82300885 | 0.82300885 | 0.87323944 |
|  3 | 0.91000000 | 0.89423077 | 0.93000000 | 0.91176471 | 0.92708333 | 0.92708333 | 0.90816327 |
|  4 | 0.87500000 | 0.83783784 | 0.93000000 | 0.88151659 | 0.92134831 | 0.92134831 | 0.86772487 |
|  5 | 0.88000000 | 0.86538462 | 0.90000000 | 0.88235294 | 0.89583333 | 0.89583333 | 0.87755102 |
|  6 | 0.84500000 | 0.84158416 | 0.85000000 | 0.84577114 | 0.84848485 | 0.84848485 | 0.84422111 |
|  7 | 0.85500000 | 0.85858586 | 0.85000000 | 0.85427136 | 0.85148515 | 0.85148515 | 0.85572139 |
|  8 | 0.85000000 | 0.85714286 | 0.84000000 | 0.84848485 | 0.84313725 | 0.84313725 | 0.85148515 |
|  9 | 0.82500000 | 0.83505155 | 0.81000000 | 0.82233503 | 0.81553398 | 0.81553398 | 0.82758621 |
|-----------------------------------------------------------------------------------------------|
|avg | 0.86050000 | 0.86199813 | 0.86000000 | 0.86002305 | 0.86223296 | 0.86223296 | 0.86068225 |
|===============================================================================================|

 abil@d620-laptop  ~/workspace/Sentiment_Analysis  

