
Naive Bayes Classifier

|===============================================================================================|
|    |   Accuracy |                 Postive              |                Negitive              |
|    |            |  Precision |     Recall |  F-measure |  Precision |     Recall |  F-measure |
|===============================================================================================|
|  0 | 0.78000000 | 0.81632653 | 0.75471698 | 0.78431373 | 0.74509804 | 0.74509804 | 0.77551020 |
|  1 | 0.84000000 | 0.81632653 | 0.85106383 | 0.83333333 | 0.86274510 | 0.86274510 | 0.84615385 |
|  2 | 0.83000000 | 0.88235294 | 0.80357143 | 0.84112150 | 0.77551020 | 0.77551020 | 0.81720430 |
|  3 | 0.82000000 | 0.90909091 | 0.74074074 | 0.81632653 | 0.75000000 | 0.75000000 | 0.82352941 |
|  4 | 0.85000000 | 0.92857143 | 0.76470588 | 0.83870968 | 0.79310345 | 0.79310345 | 0.85981308 |
|  5 | 0.80000000 | 0.84615385 | 0.70212766 | 0.76744186 | 0.77049180 | 0.77049180 | 0.82456140 |
|  6 | 0.84000000 | 0.84313725 | 0.84313725 | 0.84313725 | 0.83673469 | 0.83673469 | 0.83673469 |
|  7 | 0.83000000 | 0.87500000 | 0.79245283 | 0.83168317 | 0.78846154 | 0.78846154 | 0.82828283 |
|  8 | 0.85000000 | 0.85416667 | 0.83673469 | 0.84536082 | 0.84615385 | 0.84615385 | 0.85436893 |
|  9 | 0.80000000 | 0.83783784 | 0.68888889 | 0.75609756 | 0.77777778 | 0.77777778 | 0.83050847 |
| 10 | 0.74000000 | 0.82222222 | 0.67272727 | 0.74000000 | 0.67272727 | 0.67272727 | 0.74000000 |
|-----------------------------------------------------------------------------------------------|
|avg | 0.81636364 | 0.85738056 | 0.76826068 | 0.80886595 | 0.78352761 | 0.78352761 | 0.82151520 |
|===============================================================================================|


SVM

|===============================================================================================|
|    |   Accuracy |                 Postive              |                Negitive              |
|    |            |  Precision |     Recall |  F-measure |  Precision |     Recall |  F-measure |
|===============================================================================================|
|  0 | 0.81000000 | 0.85416667 | 0.77358491 | 0.81188119 | 0.76923077 | 0.76923077 | 0.80808081 |
|  1 | 0.78000000 | 0.75510204 | 0.78723404 | 0.77083333 | 0.80392157 | 0.80392157 | 0.78846154 |
|  2 | 0.84000000 | 0.81250000 | 0.92857143 | 0.86666667 | 0.88888889 | 0.88888889 | 0.80000000 |
|  3 | 0.79000000 | 0.81132075 | 0.79629630 | 0.80373832 | 0.76595745 | 0.76595745 | 0.77419355 |
|  4 | 0.82000000 | 0.83673469 | 0.80392157 | 0.82000000 | 0.80392157 | 0.80392157 | 0.82000000 |
|  5 | 0.75000000 | 0.71153846 | 0.78723404 | 0.74747475 | 0.79166667 | 0.79166667 | 0.75247525 |
|  6 | 0.91000000 | 0.93750000 | 0.88235294 | 0.90909091 | 0.88461538 | 0.88461538 | 0.91089109 |
|  7 | 0.77000000 | 0.80000000 | 0.75471698 | 0.77669903 | 0.74000000 | 0.74000000 | 0.76288660 |
|  8 | 0.79000000 | 0.75925926 | 0.83673469 | 0.79611650 | 0.82608696 | 0.82608696 | 0.78350515 |
|  9 | 0.73000000 | 0.68750000 | 0.73333333 | 0.70967742 | 0.76923077 | 0.76923077 | 0.74766355 |
| 10 | 0.79000000 | 0.80357143 | 0.81818182 | 0.81081081 | 0.77272727 | 0.77272727 | 0.76404494 |
|-----------------------------------------------------------------------------------------------|
|avg | 0.79818182 | 0.79719939 | 0.80928746 | 0.80208990 | 0.80147703 | 0.80147703 | 0.79201841 |
|===============================================================================================|

