
 ✘ abil@d620-laptop  ~/workspace/Sentiment_Analysis  ./classifier1_PD.py
Feature Selection : PD :done 

Naive Bayes Classifier

|===============================================================================================|
|    |   Accuracy |                 Postive              |                Negitive              |
|    |            |  Precision |     Recall |  F-measure |  Precision |     Recall |  F-measure |
|===============================================================================================|
|  0 | 0.88500000 | 0.92307692 | 0.84000000 | 0.87958115 | 0.85321101 | 0.85321101 | 0.88995215 |
|  1 | 0.89500000 | 0.92473118 | 0.86000000 | 0.89119171 | 0.86915888 | 0.86915888 | 0.89855072 |
|  2 | 0.88500000 | 0.95294118 | 0.81000000 | 0.87567568 | 0.83478261 | 0.83478261 | 0.89302326 |
|  3 | 0.88000000 | 0.95238095 | 0.80000000 | 0.86956522 | 0.82758621 | 0.82758621 | 0.88888889 |
|  4 | 0.89000000 | 0.93333333 | 0.84000000 | 0.88421053 | 0.85454545 | 0.85454545 | 0.89523810 |
|  5 | 0.89500000 | 0.93406593 | 0.85000000 | 0.89005236 | 0.86238532 | 0.86238532 | 0.89952153 |
|  6 | 0.87500000 | 0.93103448 | 0.81000000 | 0.86631016 | 0.83185841 | 0.83185841 | 0.88262911 |
|  7 | 0.88000000 | 0.88775510 | 0.87000000 | 0.87878788 | 0.87254902 | 0.87254902 | 0.88118812 |
|  8 | 0.88000000 | 0.92222222 | 0.83000000 | 0.87368421 | 0.84545455 | 0.84545455 | 0.88571429 |
|  9 | 0.91000000 | 0.95555556 | 0.86000000 | 0.90526316 | 0.87272727 | 0.87272727 | 0.91428571 |
|-----------------------------------------------------------------------------------------------|
|avg | 0.88750000 | 0.93170969 | 0.83700000 | 0.88143220 | 0.85242587 | 0.85242587 | 0.89289919 |
|===============================================================================================|


SVM

|===============================================================================================|
|    |   Accuracy |                 Postive              |                Negitive              |
|    |            |  Precision |     Recall |  F-measure |  Precision |     Recall |  F-measure |
|===============================================================================================|
|  0 | 0.85500000 | 0.88172043 | 0.82000000 | 0.84974093 | 0.83177570 | 0.83177570 | 0.85990338 |
|  1 | 0.85000000 | 0.85000000 | 0.85000000 | 0.85000000 | 0.85000000 | 0.85000000 | 0.85000000 |
|  2 | 0.90000000 | 0.90816327 | 0.89000000 | 0.89898990 | 0.89215686 | 0.89215686 | 0.90099010 |
|  3 | 0.83000000 | 0.85869565 | 0.79000000 | 0.82291667 | 0.80555556 | 0.80555556 | 0.83653846 |
|  4 | 0.86000000 | 0.85294118 | 0.87000000 | 0.86138614 | 0.86734694 | 0.86734694 | 0.85858586 |
|  5 | 0.89500000 | 0.89898990 | 0.89000000 | 0.89447236 | 0.89108911 | 0.89108911 | 0.89552239 |
|  6 | 0.86000000 | 0.86000000 | 0.86000000 | 0.86000000 | 0.86000000 | 0.86000000 | 0.86000000 |
|  7 | 0.84000000 | 0.83333333 | 0.85000000 | 0.84158416 | 0.84693878 | 0.84693878 | 0.83838384 |
|  8 | 0.85500000 | 0.83177570 | 0.89000000 | 0.85990338 | 0.88172043 | 0.88172043 | 0.84974093 |
|  9 | 0.89500000 | 0.86915888 | 0.93000000 | 0.89855072 | 0.92473118 | 0.92473118 | 0.89119171 |
|-----------------------------------------------------------------------------------------------|
|avg | 0.86400000 | 0.86447783 | 0.86400000 | 0.86375443 | 0.86513146 | 0.86513146 | 0.86408567 |
|===============================================================================================|

 abil@d620-laptop  ~/workspace/Sentiment_Analysis  
