 abil@d620-laptop  ~/workspace/Sentiment_Analysis  ./SimpleUnigram.py

Naive Bayes Classifier

|===============================================================================================|
|    |   Accuracy |                 Postive              |                Negitive              |
|    |            |  Precision |     Recall |  F-measure |  Precision |     Recall |  F-measure |
|===============================================================================================|
|  0 | 0.71000000 | 0.72340426 | 0.68000000 | 0.70103093 | 0.69811321 | 0.69811321 | 0.71844660 |
|  1 | 0.80000000 | 0.80000000 | 0.72727273 | 0.76190476 | 0.80000000 | 0.80000000 | 0.82758621 |
|  2 | 0.76000000 | 0.75000000 | 0.75000000 | 0.75000000 | 0.76923077 | 0.76923077 | 0.76923077 |
|  3 | 0.78000000 | 0.78571429 | 0.71739130 | 0.75000000 | 0.77586207 | 0.77586207 | 0.80357143 |
|  4 | 0.81000000 | 0.80952381 | 0.75555556 | 0.78160920 | 0.81034483 | 0.81034483 | 0.83185841 |
|  5 | 0.80000000 | 0.87179487 | 0.69387755 | 0.77272727 | 0.75409836 | 0.75409836 | 0.82142857 |
|  6 | 0.82000000 | 0.82051282 | 0.74418605 | 0.78048780 | 0.81967213 | 0.81967213 | 0.84745763 |
|  7 | 0.80000000 | 0.81818182 | 0.75000000 | 0.78260870 | 0.78571429 | 0.78571429 | 0.81481481 |
|  8 | 0.72000000 | 0.72549020 | 0.72549020 | 0.72549020 | 0.71428571 | 0.71428571 | 0.71428571 |
|  9 | 0.80000000 | 0.80851064 | 0.77551020 | 0.79166667 | 0.79245283 | 0.79245283 | 0.80769231 |
| 10 | 0.77000000 | 0.77083333 | 0.75510204 | 0.76288660 | 0.76923077 | 0.76923077 | 0.77669903 |
|-----------------------------------------------------------------------------------------------|
|avg | 0.77909091 | 0.78945146 | 0.73403506 | 0.76003747 | 0.77172772 | 0.77172772 | 0.79391559 |
|===============================================================================================|


SVM

|===============================================================================================|
|    |   Accuracy |                 Postive              |                Negitive              |
|    |            |  Precision |     Recall |  F-measure |  Precision |     Recall |  F-measure |
|===============================================================================================|
|  0 | 0.79000000 | 0.75438596 | 0.86000000 | 0.80373832 | 0.83720930 | 0.83720930 | 0.77419355 |
|  1 | 0.86000000 | 0.80000000 | 0.90909091 | 0.85106383 | 0.92000000 | 0.92000000 | 0.86792453 |
|  2 | 0.79000000 | 0.75471698 | 0.83333333 | 0.79207921 | 0.82978723 | 0.82978723 | 0.78787879 |
|  3 | 0.77000000 | 0.71698113 | 0.82608696 | 0.76767677 | 0.82978723 | 0.82978723 | 0.77227723 |
|  4 | 0.77000000 | 0.72000000 | 0.80000000 | 0.75789474 | 0.82000000 | 0.82000000 | 0.78095238 |
|  5 | 0.82000000 | 0.82978723 | 0.79591837 | 0.81250000 | 0.81132075 | 0.81132075 | 0.82692308 |
|  6 | 0.81000000 | 0.77272727 | 0.79069767 | 0.78160920 | 0.83928571 | 0.83928571 | 0.83185841 |
|  7 | 0.78000000 | 0.77083333 | 0.77083333 | 0.77083333 | 0.78846154 | 0.78846154 | 0.78846154 |
|  8 | 0.73000000 | 0.74000000 | 0.72549020 | 0.73267327 | 0.72000000 | 0.72000000 | 0.72727273 |
|  9 | 0.82000000 | 0.80392157 | 0.83673469 | 0.82000000 | 0.83673469 | 0.83673469 | 0.82000000 |
| 10 | 0.67000000 | 0.64814815 | 0.71428571 | 0.67961165 | 0.69565217 | 0.69565217 | 0.65979381 |
|-----------------------------------------------------------------------------------------------|
|avg | 0.78272727 | 0.75559106 | 0.80567920 | 0.77906185 | 0.81165806 | 0.81165806 | 0.78523055 |
|===============================================================================================|

 abil@d620-laptop  ~/workspace/Sentiment_Analysis  chmode +x main.py 
