Feature Selection : CHI_SQUARE :done 

Naive Bayes Classifier

|===============================================================================================|
|    |   Accuracy |                 Postive              |                Negitive              |
|    |            |  Precision |     Recall |  F-measure |  Precision |     Recall |  F-measure |
|===============================================================================================|
|  0 | 0.88000000 | 0.89583333 | 0.86000000 | 0.87755102 | 0.86538462 | 0.86538462 | 0.88235294 |
|  1 | 0.88000000 | 0.92222222 | 0.83000000 | 0.87368421 | 0.84545455 | 0.84545455 | 0.88571429 |
|  2 | 0.87500000 | 0.87878788 | 0.87000000 | 0.87437186 | 0.87128713 | 0.87128713 | 0.87562189 |
|  3 | 0.89500000 | 0.91578947 | 0.87000000 | 0.89230769 | 0.87619048 | 0.87619048 | 0.89756098 |
|  4 | 0.92500000 | 0.93814433 | 0.91000000 | 0.92385787 | 0.91262136 | 0.91262136 | 0.92610837 |
|  5 | 0.91000000 | 0.94565217 | 0.87000000 | 0.90625000 | 0.87962963 | 0.87962963 | 0.91346154 |
|  6 | 0.90500000 | 0.91752577 | 0.89000000 | 0.90355330 | 0.89320388 | 0.89320388 | 0.90640394 |
|  7 | 0.89500000 | 0.95402299 | 0.83000000 | 0.88770053 | 0.84955752 | 0.84955752 | 0.90140845 |
|  8 | 0.88500000 | 0.85321101 | 0.93000000 | 0.88995215 | 0.92307692 | 0.92307692 | 0.87958115 |
|  9 | 0.88000000 | 0.88775510 | 0.87000000 | 0.87878788 | 0.87254902 | 0.87254902 | 0.88118812 |
|-----------------------------------------------------------------------------------------------|
|avg | 0.89300000 | 0.91089443 | 0.87300000 | 0.89080165 | 0.87889551 | 0.87889551 | 0.89494017 |
|===============================================================================================|


SVM

|===============================================================================================|
|    |   Accuracy |                 Postive              |                Negitive              |
|    |            |  Precision |     Recall |  F-measure |  Precision |     Recall |  F-measure |
|===============================================================================================|
|  0 | 0.83500000 | 0.85263158 | 0.81000000 | 0.83076923 | 0.81904762 | 0.81904762 | 0.83902439 |
|  1 | 0.83500000 | 0.90361446 | 0.75000000 | 0.81967213 | 0.78632479 | 0.78632479 | 0.84792627 |
|  2 | 0.86500000 | 0.88421053 | 0.84000000 | 0.86153846 | 0.84761905 | 0.84761905 | 0.86829268 |
|  3 | 0.83000000 | 0.81730769 | 0.85000000 | 0.83333333 | 0.84375000 | 0.84375000 | 0.82653061 |
|  4 | 0.87000000 | 0.85576923 | 0.89000000 | 0.87254902 | 0.88541667 | 0.88541667 | 0.86734694 |
|  5 | 0.86000000 | 0.90909091 | 0.80000000 | 0.85106383 | 0.82142857 | 0.82142857 | 0.86792453 |
|  6 | 0.87000000 | 0.88541667 | 0.85000000 | 0.86734694 | 0.85576923 | 0.85576923 | 0.87254902 |
|  7 | 0.82500000 | 0.82828283 | 0.82000000 | 0.82412060 | 0.82178218 | 0.82178218 | 0.82587065 |
|  8 | 0.84500000 | 0.80000000 | 0.92000000 | 0.85581395 | 0.90588235 | 0.90588235 | 0.83243243 |
|  9 | 0.82000000 | 0.81372549 | 0.83000000 | 0.82178218 | 0.82653061 | 0.82653061 | 0.81818182 |
|-----------------------------------------------------------------------------------------------|
|avg | 0.84550000 | 0.85500494 | 0.83600000 | 0.84379897 | 0.84135511 | 0.84135511 | 0.84660793 |
|===============================================================================================|

