Feature Selection : CHI_SQUARE :done 

Naive Bayes Classifier

|===============================================================================================|
|    |   Accuracy |                 Postive              |                Negitive              |
|    |            |  Precision |     Recall |  F-measure |  Precision |     Recall |  F-measure |
|===============================================================================================|
|  0 | 0.92500000 | 0.94736842 | 0.90000000 | 0.92307692 | 0.90476190 | 0.90476190 | 0.92682927 |
|  1 | 0.88500000 | 0.88118812 | 0.89000000 | 0.88557214 | 0.88888889 | 0.88888889 | 0.88442211 |
|  2 | 0.90500000 | 0.91752577 | 0.89000000 | 0.90355330 | 0.89320388 | 0.89320388 | 0.90640394 |
|  3 | 0.87500000 | 0.87878788 | 0.87000000 | 0.87437186 | 0.87128713 | 0.87128713 | 0.87562189 |
|  4 | 0.91000000 | 0.92708333 | 0.89000000 | 0.90816327 | 0.89423077 | 0.89423077 | 0.91176471 |
|  5 | 0.91000000 | 0.91836735 | 0.90000000 | 0.90909091 | 0.90196078 | 0.90196078 | 0.91089109 |
|  6 | 0.89500000 | 0.90721649 | 0.88000000 | 0.89340102 | 0.88349515 | 0.88349515 | 0.89655172 |
|  7 | 0.87500000 | 0.85714286 | 0.90000000 | 0.87804878 | 0.89473684 | 0.89473684 | 0.87179487 |
|  8 | 0.87000000 | 0.92045455 | 0.81000000 | 0.86170213 | 0.83035714 | 0.83035714 | 0.87735849 |
|  9 | 0.89500000 | 0.93406593 | 0.85000000 | 0.89005236 | 0.86238532 | 0.86238532 | 0.89952153 |
|-----------------------------------------------------------------------------------------------|
|avg | 0.89450000 | 0.90892007 | 0.87800000 | 0.89270327 | 0.88253078 | 0.88253078 | 0.89611596 |
|===============================================================================================|


SVM

|===============================================================================================|
|    |   Accuracy |                 Postive              |                Negitive              |
|    |            |  Precision |     Recall |  F-measure |  Precision |     Recall |  F-measure |
|===============================================================================================|
|  0 | 0.89000000 | 0.86111111 | 0.93000000 | 0.89423077 | 0.92391304 | 0.92391304 | 0.88541667 |
|  1 | 0.87000000 | 0.87000000 | 0.87000000 | 0.87000000 | 0.87000000 | 0.87000000 | 0.87000000 |
|  2 | 0.85500000 | 0.86597938 | 0.84000000 | 0.85279188 | 0.84466019 | 0.84466019 | 0.85714286 |
|  3 | 0.83500000 | 0.83838384 | 0.83000000 | 0.83417085 | 0.83168317 | 0.83168317 | 0.83582090 |
|  4 | 0.85500000 | 0.83177570 | 0.89000000 | 0.85990338 | 0.88172043 | 0.88172043 | 0.84974093 |
|  5 | 0.86500000 | 0.86868687 | 0.86000000 | 0.86432161 | 0.86138614 | 0.86138614 | 0.86567164 |
|  6 | 0.80500000 | 0.82105263 | 0.78000000 | 0.80000000 | 0.79047619 | 0.79047619 | 0.80975610 |
|  7 | 0.87500000 | 0.86407767 | 0.89000000 | 0.87684729 | 0.88659794 | 0.88659794 | 0.87309645 |
|  8 | 0.85000000 | 0.88043478 | 0.81000000 | 0.84375000 | 0.82407407 | 0.82407407 | 0.85576923 |
|  9 | 0.85000000 | 0.85000000 | 0.85000000 | 0.85000000 | 0.85000000 | 0.85000000 | 0.85000000 |
|-----------------------------------------------------------------------------------------------|
|avg | 0.85500000 | 0.85515020 | 0.85500000 | 0.85460158 | 0.85645112 | 0.85645112 | 0.85524148 |
|===============================================================================================|

